# JRE version: Java(TM) SE Runtime Environment (15.0.2+7) (build 15.0.2+7-27)
# Java VM: Java HotSpot(TM) 64-Bit Server VM (15.0.2+7-27, mixed mode, sharing, tiered, compressed oops, g1 gc, windows-amd64)
GC Precious Log:
 CPUs: 8 total, 8 available
 Memory: 8039M
 Large Page Support: Disabled
 NUMA Support: Disabled
 Compressed Oops: Enabled (32-bit)
 Heap Region Size: 1M
 Heap Min Capacity: 8M
 Heap Initial Capacity: 126M
 Heap Max Capacity: 2010M
 Pre-touch: Disabled
 Parallel Workers: 8
 Concurrent Workers: 2
 Concurrent Refinement Workers: 8
 Periodic GC: Disabled
Heap:
 garbage-first heap   total 155648K, used 20480K [0x0000000082600000, 0x0000000100000000)
  region size 1024K, 8 young (8192K), 8 survivors (8192K)
 Metaspace       used 20704K, capacity 21213K, committed 21296K, reserved 1069056K
  class space    used 2284K, capacity 2397K, committed 2432K, reserved 1048576K
GC Heap History (9 events):
Event: 0.570 GC heap before
{Heap before GC invocations=0 (full 0):
 garbage-first heap   total 129024K, used 22528K [0x0000000082600000, 0x0000000100000000)
  region size 1024K, 23 young (23552K), 0 survivors (0K)
 Metaspace       used 5778K, capacity 7977K, committed 8064K, reserved 1056768K
  class space    used 677K, capacity 871K, committed 896K, reserved 1048576K
}
Event: 0.576 GC heap after
{Heap after GC invocations=1 (full 0):
 garbage-first heap   total 129024K, used 3508K [0x0000000082600000, 0x0000000100000000)
  region size 1024K, 3 young (3072K), 3 survivors (3072K)
 Metaspace       used 5778K, capacity 7977K, committed 8064K, reserved 1056768K
  class space    used 677K, capacity 871K, committed 896K, reserved 1048576K
}
Event: 1.103 GC heap before
{Heap before GC invocations=1 (full 0):
 garbage-first heap   total 129024K, used 34228K [0x0000000082600000, 0x0000000100000000)
  region size 1024K, 33 young (33792K), 3 survivors (3072K)
 Metaspace       used 8646K, capacity 10379K, committed 10496K, reserved 1058816K
  class space    used 1023K, capacity 1201K, committed 1280K, reserved 1048576K
}
Event: 1.108 GC heap after
{Heap after GC invocations=2 (full 0):
 garbage-first heap   total 129024K, used 4737K [0x0000000082600000, 0x0000000100000000)
  region size 1024K, 2 young (2048K), 2 survivors (2048K)
 Metaspace       used 8646K, capacity 10379K, committed 10496K, reserved 1058816K
  class space    used 1023K, capacity 1201K, committed 1280K, reserved 1048576K
}
Event: 2.882 GC heap before
{Heap before GC invocations=2 (full 0):
 garbage-first heap   total 129024K, used 79489K [0x0000000082600000, 0x0000000100000000)
  region size 1024K, 75 young (76800K), 2 survivors (2048K)
 Metaspace       used 16596K, capacity 17228K, committed 17408K, reserved 1064960K
  class space    used 1909K, capacity 2026K, committed 2048K, reserved 1048576K
}
Event: 2.901 GC heap after
{Heap after GC invocations=3 (full 0):
 garbage-first heap   total 129024K, used 12484K [0x0000000082600000, 0x0000000100000000)
  region size 1024K, 9 young (9216K), 9 survivors (9216K)
 Metaspace       used 16596K, capacity 17228K, committed 17408K, reserved 1064960K
  class space    used 1909K, capacity 2026K, committed 2048K, reserved 1048576K
}
Event: 4.210 GC heap before
{Heap before GC invocations=3 (full 0):
 garbage-first heap   total 129024K, used 79044K [0x0000000082600000, 0x0000000100000000)
  region size 1024K, 75 young (76800K), 9 survivors (9216K)
 Metaspace       used 18231K, capacity 18671K, committed 18944K, reserved 1067008K
  class space    used 2052K, capacity 2181K, committed 2304K, reserved 1048576K
}
Event: 4.227 GC heap after
{Heap after GC invocations=4 (full 0):
 garbage-first heap   total 129024K, used 16384K [0x0000000082600000, 0x0000000100000000)
  region size 1024K, 4 young (4096K), 4 survivors (4096K)
 Metaspace       used 18231K, capacity 18671K, committed 18944K, reserved 1067008K
  class space    used 2052K, capacity 2181K, committed 2304K, reserved 1048576K
}
Event: 5.079 GC heap before
{Heap before GC invocations=4 (full 0):
 garbage-first heap   total 129024K, used 71680K [0x0000000082600000, 0x0000000100000000)
  region size 1024K, 59 young (60416K), 4 survivors (4096K)
 Metaspace       used 20704K, capacity 21213K, committed 21296K, reserved 1069056K
  class space    used 2284K, capacity 2397K, committed 2432K, reserved 1048576K
}

